0 info it worked if it ends with ok
1 verbose cli [ '/usr/local/bin/node', '/usr/local/bin/npm', 'adduser' ]
2 info using npm@2.7.4
3 info using node@v0.12.2
4 verbose adduser before first PUT { _id: 'org.couchdb.user:jumplee',
4 verbose adduser   name: 'jumplee',
4 verbose adduser   password: 'XXXXX',
4 verbose adduser   email: 'liyuntao09@gmail.com',
4 verbose adduser   type: 'user',
4 verbose adduser   roles: [],
4 verbose adduser   date: '2015-04-30T09:37:41.462Z' }
5 verbose request uri http://registry.npm.taobao.org/-/user/org.couchdb.user:jumplee
6 verbose request new user, so can't send auth
7 info attempt registry request try #1 at 17:37:41
8 verbose request id 93476d27e14a9c04
9 http request PUT http://registry.npm.taobao.org/-/user/org.couchdb.user:jumplee
10 http 409 http://registry.npm.taobao.org/-/user/org.couchdb.user:jumplee
11 verbose headers { server: 'nginx/1.1.19',
11 verbose headers   date: 'Thu, 30 Apr 2015 09:37:41 GMT',
11 verbose headers   'content-type': 'application/json; charset=utf-8',
11 verbose headers   'content-length': '60',
11 verbose headers   connection: 'keep-alive',
11 verbose headers   'x-readtime': '12' }
12 verbose request invalidating /Users/xxx/.npm/registry.npm.taobao.org/-/user/org.couchdb.user_3Ajumplee on PUT
13 verbose adduser update existing user
14 verbose request uri http://registry.npm.taobao.org/-/user/org.couchdb.user:jumplee?write=true
15 verbose request sending authorization for write operation
16 info attempt registry request try #1 at 17:37:41
17 http request GET http://registry.npm.taobao.org/-/user/org.couchdb.user:jumplee?write=true
18 http 200 http://registry.npm.taobao.org/-/user/org.couchdb.user:jumplee?write=true
19 verbose adduser userobj { _id: 'org.couchdb.user:jumplee',
19 verbose adduser   name: 'jumplee',
19 verbose adduser   password: 'XXXXX',
19 verbose adduser   email: 'liyuntao09@gmail.com',
19 verbose adduser   type: 'user',
19 verbose adduser   roles: [],
19 verbose adduser   date: '2015-04-30T09:37:41.462Z' }
20 verbose request uri http://registry.npm.taobao.org/-/user/org.couchdb.user:jumplee/-rev/2-c60a5093d06743201ccbd5bca88918e0
21 verbose request updating existing user; sending authorization
22 info attempt registry request try #1 at 17:37:41
23 http request PUT http://registry.npm.taobao.org/-/user/org.couchdb.user:jumplee/-rev/2-c60a5093d06743201ccbd5bca88918e0
24 http 401 http://registry.npm.taobao.org/-/user/org.couchdb.user:jumplee/-rev/2-c60a5093d06743201ccbd5bca88918e0
25 verbose headers { server: 'nginx/1.1.19',
25 verbose headers   date: 'Thu, 30 Apr 2015 09:37:41 GMT',
25 verbose headers   'content-type': 'application/json; charset=utf-8',
25 verbose headers   'content-length': '47',
25 verbose headers   connection: 'keep-alive',
25 verbose headers   'x-readtime': '5' }
26 verbose request invalidating /Users/xxx/.npm/registry.npm.taobao.org/-/user/org.couchdb.user_3Ajumplee on PUT
27 verbose adduser back [ { [Error: unauthorized Login first: -/user/org.couchdb.user:jumplee/-rev/2-c60a5093d06743201ccbd5bca88918e0] statusCode: 401, code: 'E401' },
27 verbose adduser   { error: 'unauthorized', reason: 'Login first' },
27 verbose adduser   '{"error":"unauthorized","reason":"Login first"}' ]
28 warn adduser Incorrect username or password
28 warn adduser You can reset your account by visiting:
28 warn adduser
28 warn adduser     https://npmjs.org/forgot
29 verbose stack Error: unauthorized Login first: -/user/org.couchdb.user:jumplee/-rev/2-c60a5093d06743201ccbd5bca88918e0
29 verbose stack     at CachingRegistryClient.<anonymous> (/usr/local/lib/node_modules/npm/node_modules/npm-registry-client/lib/request.js:247:14)
29 verbose stack     at Request._callback (/usr/local/lib/node_modules/npm/node_modules/npm-registry-client/lib/request.js:170:14)
29 verbose stack     at Request.self.callback (/usr/local/lib/node_modules/npm/node_modules/request/request.js:344:22)
29 verbose stack     at Request.emit (events.js:110:17)
29 verbose stack     at Request.<anonymous> (/usr/local/lib/node_modules/npm/node_modules/request/request.js:1239:14)
29 verbose stack     at Request.emit (events.js:129:20)
29 verbose stack     at IncomingMessage.<anonymous> (/usr/local/lib/node_modules/npm/node_modules/request/request.js:1187:12)
29 verbose stack     at IncomingMessage.emit (events.js:129:20)
29 verbose stack     at _stream_readable.js:908:16
29 verbose stack     at process._tickCallback (node.js:355:11)
30 verbose statusCode 401
31 verbose cwd /Users/xxx/git_lib/gulp-sencha-template
32 error Darwin 14.3.0
33 error argv "/usr/local/bin/node" "/usr/local/bin/npm" "adduser"
34 error node v0.12.2
35 error npm  v2.7.4
36 error code E401
37 error unauthorized Login first: -/user/org.couchdb.user:jumplee/-rev/2-c60a5093d06743201ccbd5bca88918e0
38 error If you need help, you may report this error at:
38 error     <https://github.com/npm/npm/issues>
39 verbose exit [ 1, true ]
